[0.058s] Invoking command in '/home/lass6230/github/ros2_controllers_mecanum/build/ros2_controllers': AMENT_PREFIX_PATH=/home/lass6230/github/ros2_controllers_mecanum/install/mecanum_drive_controller:${AMENT_PREFIX_PATH} CMAKE_PREFIX_PATH=/home/lass6230/github/ros2_controllers_mecanum/install/mecanum_drive_controller:/opt/ros/humble LD_LIBRARY_PATH=/home/lass6230/github/ros2_controllers_mecanum/install/mecanum_drive_controller/lib:${LD_LIBRARY_PATH} /usr/bin/cmake /home/lass6230/github/ros2_controllers_mecanum/ros2_controllers -DCMAKE_INSTALL_PREFIX=/home/lass6230/github/ros2_controllers_mecanum/install/ros2_controllers
[0.072s] -- Found ament_cmake: 1.3.7 (/opt/ros/humble/share/ament_cmake/cmake)
[0.261s] -- Found Python3: /usr/bin/python3.10 (found version "3.10.12") found components: Interpreter 
[0.424s] -- Configuring done
[0.426s] -- Generating done
[0.427s] -- Build files have been written to: /home/lass6230/github/ros2_controllers_mecanum/build/ros2_controllers
[0.429s] Invoked command in '/home/lass6230/github/ros2_controllers_mecanum/build/ros2_controllers' returned '0': AMENT_PREFIX_PATH=/home/lass6230/github/ros2_controllers_mecanum/install/mecanum_drive_controller:${AMENT_PREFIX_PATH} CMAKE_PREFIX_PATH=/home/lass6230/github/ros2_controllers_mecanum/install/mecanum_drive_controller:/opt/ros/humble LD_LIBRARY_PATH=/home/lass6230/github/ros2_controllers_mecanum/install/mecanum_drive_controller/lib:${LD_LIBRARY_PATH} /usr/bin/cmake /home/lass6230/github/ros2_controllers_mecanum/ros2_controllers -DCMAKE_INSTALL_PREFIX=/home/lass6230/github/ros2_controllers_mecanum/install/ros2_controllers
[0.431s] Invoking command in '/home/lass6230/github/ros2_controllers_mecanum/build/ros2_controllers': AMENT_PREFIX_PATH=/home/lass6230/github/ros2_controllers_mecanum/install/mecanum_drive_controller:${AMENT_PREFIX_PATH} CMAKE_PREFIX_PATH=/home/lass6230/github/ros2_controllers_mecanum/install/mecanum_drive_controller:/opt/ros/humble LD_LIBRARY_PATH=/home/lass6230/github/ros2_controllers_mecanum/install/mecanum_drive_controller/lib:${LD_LIBRARY_PATH} /usr/bin/cmake --build /home/lass6230/github/ros2_controllers_mecanum/build/ros2_controllers -- -j4 -l4
[0.464s] Invoked command in '/home/lass6230/github/ros2_controllers_mecanum/build/ros2_controllers' returned '0': AMENT_PREFIX_PATH=/home/lass6230/github/ros2_controllers_mecanum/install/mecanum_drive_controller:${AMENT_PREFIX_PATH} CMAKE_PREFIX_PATH=/home/lass6230/github/ros2_controllers_mecanum/install/mecanum_drive_controller:/opt/ros/humble LD_LIBRARY_PATH=/home/lass6230/github/ros2_controllers_mecanum/install/mecanum_drive_controller/lib:${LD_LIBRARY_PATH} /usr/bin/cmake --build /home/lass6230/github/ros2_controllers_mecanum/build/ros2_controllers -- -j4 -l4
[0.484s] Invoking command in '/home/lass6230/github/ros2_controllers_mecanum/build/ros2_controllers': AMENT_PREFIX_PATH=/home/lass6230/github/ros2_controllers_mecanum/install/mecanum_drive_controller:${AMENT_PREFIX_PATH} CMAKE_PREFIX_PATH=/home/lass6230/github/ros2_controllers_mecanum/install/mecanum_drive_controller:/opt/ros/humble LD_LIBRARY_PATH=/home/lass6230/github/ros2_controllers_mecanum/install/mecanum_drive_controller/lib:${LD_LIBRARY_PATH} /usr/bin/cmake --install /home/lass6230/github/ros2_controllers_mecanum/build/ros2_controllers
[0.490s] -- Install configuration: ""
[0.490s] -- Installing: /home/lass6230/github/ros2_controllers_mecanum/install/ros2_controllers/share/ament_index/resource_index/package_run_dependencies/ros2_controllers
[0.491s] -- Installing: /home/lass6230/github/ros2_controllers_mecanum/install/ros2_controllers/share/ament_index/resource_index/parent_prefix_path/ros2_controllers
[0.491s] -- Installing: /home/lass6230/github/ros2_controllers_mecanum/install/ros2_controllers/share/ros2_controllers/environment/ament_prefix_path.sh
[0.491s] -- Installing: /home/lass6230/github/ros2_controllers_mecanum/install/ros2_controllers/share/ros2_controllers/environment/ament_prefix_path.dsv
[0.491s] -- Installing: /home/lass6230/github/ros2_controllers_mecanum/install/ros2_controllers/share/ros2_controllers/environment/path.sh
[0.491s] -- Installing: /home/lass6230/github/ros2_controllers_mecanum/install/ros2_controllers/share/ros2_controllers/environment/path.dsv
[0.492s] -- Installing: /home/lass6230/github/ros2_controllers_mecanum/install/ros2_controllers/share/ros2_controllers/local_setup.bash
[0.492s] -- Installing: /home/lass6230/github/ros2_controllers_mecanum/install/ros2_controllers/share/ros2_controllers/local_setup.sh
[0.492s] -- Installing: /home/lass6230/github/ros2_controllers_mecanum/install/ros2_controllers/share/ros2_controllers/local_setup.zsh
[0.492s] -- Installing: /home/lass6230/github/ros2_controllers_mecanum/install/ros2_controllers/share/ros2_controllers/local_setup.dsv
[0.492s] -- Installing: /home/lass6230/github/ros2_controllers_mecanum/install/ros2_controllers/share/ros2_controllers/package.dsv
[0.492s] -- Installing: /home/lass6230/github/ros2_controllers_mecanum/install/ros2_controllers/share/ament_index/resource_index/packages/ros2_controllers
[0.493s] -- Installing: /home/lass6230/github/ros2_controllers_mecanum/install/ros2_controllers/share/ros2_controllers/cmake/ros2_controllersConfig.cmake
[0.493s] -- Installing: /home/lass6230/github/ros2_controllers_mecanum/install/ros2_controllers/share/ros2_controllers/cmake/ros2_controllersConfig-version.cmake
[0.493s] -- Installing: /home/lass6230/github/ros2_controllers_mecanum/install/ros2_controllers/share/ros2_controllers/package.xml
[0.495s] Invoked command in '/home/lass6230/github/ros2_controllers_mecanum/build/ros2_controllers' returned '0': AMENT_PREFIX_PATH=/home/lass6230/github/ros2_controllers_mecanum/install/mecanum_drive_controller:${AMENT_PREFIX_PATH} CMAKE_PREFIX_PATH=/home/lass6230/github/ros2_controllers_mecanum/install/mecanum_drive_controller:/opt/ros/humble LD_LIBRARY_PATH=/home/lass6230/github/ros2_controllers_mecanum/install/mecanum_drive_controller/lib:${LD_LIBRARY_PATH} /usr/bin/cmake --install /home/lass6230/github/ros2_controllers_mecanum/build/ros2_controllers
